<?xml version="1.0" encoding="utf-8"?><testsuites name="pytest tests"><testsuite name="pytest" errors="0" failures="1" skipped="0" tests="18" time="4.718" timestamp="2026-05-10T18:09:21.855052+00:00" hostname="agent-env-fd56dd89-5331-418c-aa1d-ae0a5352e6d0"><testcase classname="tests.backend_test.TestCategories" name="test_categories_returns_9" time="0.326" /><testcase classname="tests.backend_test.TestEntries" name="test_list_entries_seed" time="0.053" /><testcase classname="tests.backend_test.TestEntries" name="test_search_q_filter" time="0.052" /><testcase classname="tests.backend_test.TestEntries" name="test_category_filter" time="0.051" /><testcase classname="tests.backend_test.TestEntries" name="test_invalid_category" time="0.048" /><testcase classname="tests.backend_test.TestEntries" name="test_sort_alpha" time="0.055" /><testcase classname="tests.backend_test.TestEntries" name="test_sort_newest" time="0.050" /><testcase classname="tests.backend_test.TestEntries" name="test_sort_category" time="0.052" /><testcase classname="tests.backend_test.TestEntries" name="test_get_single_entry" time="0.098" /><testcase classname="tests.backend_test.TestEntries" name="test_get_missing_entry_404" time="0.048" /><testcase classname="tests.backend_test.TestAuth" name="test_register_and_duplicate" time="0.524"><failure message="AssertionError: assert 'test_user_aa...d5@evenda.org' == 'TEST_user_aa...d5@evenda.org'&#10;  &#10;  - TEST_user_aae1d8d5@evenda.org&#10;  ? ^^^^&#10;  + test_user_aae1d8d5@evenda.org&#10;  ? ^^^^">tests/backend_test.py:114: in test_register_and_duplicate
    assert data["email"] == email
E   AssertionError: assert 'test_user_aa...d5@evenda.org' == 'TEST_user_aa...d5@evenda.org'
E     
E     - TEST_user_aae1d8d5@evenda.org
E     ? ^^^^
E     + test_user_aae1d8d5@evenda.org
E     ? ^^^^</failure></testcase><testcase classname="tests.backend_test.TestAuth" name="test_admin_login_and_me" time="0.604" /><testcase classname="tests.backend_test.TestAuth" name="test_login_wrong_password" time="0.396" /><testcase classname="tests.backend_test.TestAuth" name="test_me_unauth" time="0.165" /><testcase classname="tests.backend_test.TestAuth" name="test_logout_clears_cookie" time="0.768" /><testcase classname="tests.backend_test.TestEntryCreate" name="test_create_entry_requires_auth" time="0.046" /><testcase classname="tests.backend_test.TestEntryCreate" name="test_create_entry_authenticated" time="0.670" /><testcase classname="tests.backend_test.TestEntryCreate" name="test_create_entry_invalid_category" time="0.056" /></testsuite></testsuites>