<?xml version="1.0" encoding="utf-8"?><testsuites name="pytest tests"><testsuite name="pytest" errors="0" failures="1" skipped="0" tests="37" time="9.113" timestamp="2026-05-10T19:27:37.763427+00:00" hostname="agent-env-fd56dd89-5331-418c-aa1d-ae0a5352e6d0"><testcase classname="tests.backend_test.TestCategories" name="test_categories_returns_9" time="0.293" /><testcase classname="tests.backend_test.TestEntries" name="test_list_entries_seed" time="0.063" /><testcase classname="tests.backend_test.TestEntries" name="test_search_q_filter" time="0.056" /><testcase classname="tests.backend_test.TestEntries" name="test_category_filter" time="0.054" /><testcase classname="tests.backend_test.TestEntries" name="test_invalid_category" time="0.049" /><testcase classname="tests.backend_test.TestEntries" name="test_sort_alpha" time="0.057" /><testcase classname="tests.backend_test.TestEntries" name="test_get_single_entry" time="0.116" /><testcase classname="tests.backend_test.TestEntries" name="test_get_missing_entry_404" time="0.049" /><testcase classname="tests.backend_test.TestAuth" name="test_register_and_duplicate" time="0.677" /><testcase classname="tests.backend_test.TestAuth" name="test_admin_login_and_me" time="0.601" /><testcase classname="tests.backend_test.TestAuth" name="test_login_wrong_password" time="0.429" /><testcase classname="tests.backend_test.TestAuth" name="test_me_unauth" time="0.141" /><testcase classname="tests.backend_test.TestEntryCreate" name="test_create_entry_requires_auth" time="0.052" /><testcase classname="tests.backend_test.TestEntryCreate" name="test_create_entry_authenticated" time="0.117" /><testcase classname="tests.backend_test.TestAdminImage" name="test_upload_unauth_401" time="0.152" /><testcase classname="tests.backend_test.TestAdminImage" name="test_upload_non_admin_403" time="0.711" /><testcase classname="tests.backend_test.TestAdminImage" name="test_admin_upload_png_and_get_file" time="0.677" /><testcase classname="tests.backend_test.TestAdminImage" name="test_patch_image_admin_success" time="0.151" /><testcase classname="tests.backend_test.TestAdminImage" name="test_delete_image_admin_clears" time="0.195" /><testcase classname="tests.backend_test.TestEntryPatch" name="test_patch_unauth_401" time="0.047" /><testcase classname="tests.backend_test.TestEntryPatch" name="test_patch_non_admin_403" time="0.207" /><testcase classname="tests.backend_test.TestEntryPatch" name="test_patch_admin_updates_fields" time="0.243" /><testcase classname="tests.backend_test.TestEntryPatch" name="test_patch_invalid_category_400" time="0.187" /><testcase classname="tests.backend_test.TestEntryPatch" name="test_patch_unknown_404" time="0.058" /><testcase classname="tests.backend_test.TestEntryDelete" name="test_delete_unauth_401" time="0.335" /><testcase classname="tests.backend_test.TestEntryDelete" name="test_delete_non_admin_403" time="0.165" /><testcase classname="tests.backend_test.TestEntryDelete" name="test_delete_admin_removes" time="0.183" /><testcase classname="tests.backend_test.TestEntryDelete" name="test_delete_unknown_404" time="0.062" /><testcase classname="tests.backend_test.TestAudioUpload" name="test_upload_audio_unauth_401" time="0.137" /><testcase classname="tests.backend_test.TestAudioUpload" name="test_upload_audio_bad_type_400" time="0.149" /><testcase classname="tests.backend_test.TestAudioUpload" name="test_upload_audio_empty_400" time="0.136" /><testcase classname="tests.backend_test.TestAudioUpload" name="test_upload_audio_too_large_413" time="0.757" /><testcase classname="tests.backend_test.TestAudioUpload" name="test_upload_audio_wav_success" time="0.815" /><testcase classname="tests.backend_test.TestBilingual" name="test_seed_muvhuyu_has_both_meanings" time="0.052" /><testcase classname="tests.backend_test.TestBilingual" name="test_seed_aa_has_both_meanings_distinct" time="0.051"><failure message="AssertionError: assert False&#10; +  where False = &lt;built-in method startswith of str object at 0x7d027789f830&gt;('The traditional Tshivenda greeting')&#10; +    where &lt;built-in method startswith of str object at 0x7d027789f830&gt; = 'Test edit. The traditional Tshivenda greeting used by women.'.startswith">tests/backend_test.py:392: in test_seed_aa_has_both_meanings_distinct
    assert e["meaning"].startswith("The traditional Tshivenda greeting")
E   AssertionError: assert False
E    +  where False = &lt;built-in method startswith of str object at 0x7d027789f830&gt;('The traditional Tshivenda greeting')
E    +    where &lt;built-in method startswith of str object at 0x7d027789f830&gt; = 'Test edit. The traditional Tshivenda greeting used by women.'.startswith</failure></testcase><testcase classname="tests.backend_test.TestBilingual" name="test_create_persists_bilingual" time="0.168" /><testcase classname="tests.backend_test.TestBilingual" name="test_patch_updates_bilingual" time="0.241" /></testsuite></testsuites>